<?xml version="1.0" encoding="utf-8" standalone="no"?>
<test-run id="2" testcasecount="1" result="Passed" total="1" passed="1" failed="0" inconclusive="0" skipped="0" asserts="2" engine-version="3.9.0.0" clr-version="4.0.30319.42000" start-time="2019-02-07 15:02:06Z" end-time="2019-02-07 15:02:44Z" duration="38.107907">
  <command-line><![CDATA[nunit3-console  C:\Users\GlebGusev\Desktop\AutomationTraining\TestProject\Task_20\bin\Debug\Task_20.dll]]></command-line>
  <test-suite type="Assembly" id="0-1002" name="Task_20.dll" fullname="Task_20.dll" runstate="Runnable" testcasecount="1" result="Passed" start-time="2019-02-07 15:02:06Z" end-time="2019-02-07 15:02:44Z" duration="37.608805" total="1" passed="1" failed="0" warnings="0" inconclusive="0" skipped="0" asserts="2">
    <environment framework-version="3.11.0.0" clr-version="4.0.30319.42000" os-version="Microsoft Windows NT 10.0.17134.0" platform="Win32NT" cwd="C:\Users\GlebGusev\Desktop\AutomationTraining\TestProject\packages\NUnit.ConsoleRunner.3.9.0\tools" machine-name="GUSEVG10" user="GlebGusev" user-domain="BY-MINSK" culture="en-US" uiculture="en-US" os-architecture="x64" />
    <settings>
      <setting name="DisposeRunners" value="True" />
      <setting name="WorkDirectory" value="C:\Users\GlebGusev\Desktop\AutomationTraining\TestProject\packages\NUnit.ConsoleRunner.3.9.0\tools" />
      <setting name="ImageRuntimeVersion" value="4.0.30319" />
      <setting name="ImageTargetFrameworkName" value=".NETFramework,Version=v4.6.1" />
      <setting name="ImageRequiresX86" value="False" />
      <setting name="ImageRequiresDefaultAppDomainAssemblyResolver" value="False" />
      <setting name="NumberOfTestWorkers" value="8" />
    </settings>
    <properties>
      <property name="_PID" value="964" />
      <property name="_APPDOMAIN" value="domain-" />
    </properties>
    <test-suite type="TestSuite" id="0-1003" name="Task_20" fullname="Task_20" runstate="Runnable" testcasecount="1" result="Passed" start-time="2019-02-07 15:02:06Z" end-time="2019-02-07 15:02:44Z" duration="37.593160" total="1" passed="1" failed="0" warnings="0" inconclusive="0" skipped="0" asserts="2">
      <test-suite type="TestSuite" id="0-1004" name="Tests" fullname="Task_20.Tests" runstate="Runnable" testcasecount="1" result="Passed" start-time="2019-02-07 15:02:06Z" end-time="2019-02-07 15:02:44Z" duration="37.592743" total="1" passed="1" failed="0" warnings="0" inconclusive="0" skipped="0" asserts="2">
        <test-suite type="TestFixture" id="0-1000" name="Task_20" fullname="Task_20.Tests.Task_20" classname="Task_20.Tests.Task_20" runstate="Runnable" testcasecount="1" result="Passed" start-time="2019-02-07 15:02:06Z" end-time="2019-02-07 15:02:44Z" duration="37.588285" total="1" passed="1" failed="0" warnings="0" inconclusive="0" skipped="0" asserts="2">
          <test-case id="0-1001" name="LoginTutBy_CorrectCredentials_Successfull" fullname="Task_20.Tests.Task_20.LoginTutBy_CorrectCredentials_Successfull" methodname="LoginTutBy_CorrectCredentials_Successfull" classname="Task_20.Tests.Task_20" runstate="Runnable" seed="773790667" result="Passed" start-time="2019-02-07 15:02:06Z" end-time="2019-02-07 15:02:44Z" duration="37.563406" asserts="2" />
        </test-suite>
      </test-suite>
    </test-suite>
  </test-suite>
</test-run>