<?xml version="1.0" encoding="utf-8" standalone="no"?>
<test-run id="2" testcasecount="11" result="Failed" total="11" passed="10" failed="1" inconclusive="0" skipped="0" asserts="13" engine-version="3.9.0.0" clr-version="4.0.30319.42000" start-time="2019-02-12 23:34:35Z" end-time="2019-02-12 23:36:09Z" duration="94.353759">
  <command-line><![CDATA[nunit3-console  C:\Users\GlebGusev\Desktop\AutomationTraining\TestProject\NunitRunConfig.nunit --x86 --dispose-runners --process=Multiple]]></command-line>
  <test-suite type="Assembly" id="3-1002" name="Task_20.dll" fullname="Task_20.dll" runstate="Runnable" testcasecount="1" result="Passed" start-time="2019-02-12 23:34:35Z" end-time="2019-02-12 23:34:46Z" duration="11.205750" total="1" passed="1" failed="0" warnings="0" inconclusive="0" skipped="0" asserts="2">
    <environment framework-version="3.11.0.0" clr-version="4.0.30319.42000" os-version="Microsoft Windows NT 10.0.17134.0" platform="Win32NT" cwd="C:\Users\GlebGusev\Desktop\AutomationTraining\TestProject\packages\NUnit.ConsoleRunner.3.9.0\tools" machine-name="GUSEVG10" user="GlebGusev" user-domain="BY-MINSK" culture="en-US" uiculture="en-US" os-architecture="x86" />
    <settings>
      <setting name="ProcessModel" value="Multiple" />
      <setting name="RunAsX86" value="True" />
      <setting name="DisposeRunners" value="True" />
      <setting name="WorkDirectory" value="C:\Users\GlebGusev\Desktop\AutomationTraining\TestProject\packages\NUnit.ConsoleRunner.3.9.0\tools" />
      <setting name="BasePath" value="C:\Users\GlebGusev\Desktop\AutomationTraining\TestProject" />
      <setting name="RuntimeFramework" value="net-4.0" />
      <setting name="DomainUsage" value="Default" />
      <setting name="ImageRuntimeVersion" value="4.0.30319" />
      <setting name="ImageTargetFrameworkName" value=".NETFramework,Version=v4.6.1" />
      <setting name="ImageRequiresX86" value="False" />
      <setting name="ImageRequiresDefaultAppDomainAssemblyResolver" value="False" />
      <setting name="NumberOfTestWorkers" value="8" />
    </settings>
    <properties>
      <property name="_PID" value="16020" />
      <property name="_APPDOMAIN" value="domain-f0452dfe-Task_20.dll" />
    </properties>
    <test-suite type="TestSuite" id="3-1003" name="Task_20" fullname="Task_20" runstate="Runnable" testcasecount="1" result="Passed" start-time="2019-02-12 23:34:35Z" end-time="2019-02-12 23:34:46Z" duration="11.194678" total="1" passed="1" failed="0" warnings="0" inconclusive="0" skipped="0" asserts="2">
      <test-suite type="TestSuite" id="3-1004" name="Tests" fullname="Task_20.Tests" runstate="Runnable" testcasecount="1" result="Passed" start-time="2019-02-12 23:34:35Z" end-time="2019-02-12 23:34:46Z" duration="11.194390" total="1" passed="1" failed="0" warnings="0" inconclusive="0" skipped="0" asserts="2">
        <test-suite type="TestFixture" id="3-1000" name="Task_20" fullname="Task_20.Tests.Task_20" classname="Task_20.Tests.Task_20" runstate="Runnable" testcasecount="1" result="Passed" start-time="2019-02-12 23:34:35Z" end-time="2019-02-12 23:34:46Z" duration="11.192391" total="1" passed="1" failed="0" warnings="0" inconclusive="0" skipped="0" asserts="2">
          <properties>
            <property name="FixtureUuidProp" value="Task_20.Tests.Task_20-fixture" />
            <property name="AllTestsInFixtureProp" value="System.Collections.Concurrent.ConcurrentBag`1[System.ValueTuple`3[System.String,System.String,System.String]]" />
            <property name="CompletedTestsInFixtureProp" value="System.Collections.Concurrent.ConcurrentBag`1[System.ValueTuple`4[NUnit.Framework.TestContext+ResultAdapter,System.String,System.String,System.String]]" />
            <property name="RunsCountTestsProp" value="System.Collections.Generic.List`1[System.ValueTuple`3[System.String,System.String,System.String]]" />
            <property name="IgnoredTestsProp" value="System.Collections.Generic.Dictionary`2[NUnit.Framework.Interfaces.ITest,System.String]" />
          </properties>
          <test-case id="3-1001" name="LoginTutBy_CorrectCredentials_Successfull" fullname="Task_20.Tests.Task_20.LoginTutBy_CorrectCredentials_Successfull" methodname="LoginTutBy_CorrectCredentials_Successfull" classname="Task_20.Tests.Task_20" runstate="Runnable" seed="1512696983" result="Passed" start-time="2019-02-12 23:34:35Z" end-time="2019-02-12 23:34:46Z" duration="10.925268" asserts="2">
            <properties>
              <property name="TestContainerUuidProp" value="3-1001_c8d63561b62c452c937331be6722b5e4-3-1000-run1-container" />
              <property name="TestUuidProp" value="3-1001_c8d63561b62c452c937331be6722b5e4-3-1000-test-run1" />
              <property name="FixtureUuidProp" value="Task_20.Tests.Task_20-fixture" />
              <property name="TestAssertsProp" value="System.Collections.Generic.List`1[System.Exception]" />
              <property name="CurrentTestSetupFixtureProp" value="" />
              <property name="CurrentTestTearDownFixtureProp" value="TestCleanup" />
              <property name="TestResultProp" value="NUnit.Framework.TestContext+ResultAdapter" />
            </properties>
            <attachments>
              <attachment>
                <filePath>C:\Users\GlebGusev\Desktop\AutomationTraining\TestProject\TestResults\Screenshots\LoginTutBy_CorrectCredentials_Successfull_02132019_023442.png</filePath>
                <description><![CDATA[My Screenshot]]></description>
              </attachment>
            </attachments>
          </test-case>
        </test-suite>
      </test-suite>
    </test-suite>
  </test-suite>
  <test-suite type="Assembly" id="4-1010" name="Task_50.dll" fullname="Task_50.dll" runstate="Runnable" testcasecount="7" result="Passed" start-time="2019-02-12 23:34:46Z" end-time="2019-02-12 23:35:46Z" duration="59.265578" total="7" passed="7" failed="0" warnings="0" inconclusive="0" skipped="0" asserts="11">
    <environment framework-version="3.11.0.0" clr-version="4.0.30319.42000" os-version="Microsoft Windows NT 10.0.17134.0" platform="Win32NT" cwd="C:\Users\GlebGusev\Desktop\AutomationTraining\TestProject\packages\NUnit.ConsoleRunner.3.9.0\tools" machine-name="GUSEVG10" user="GlebGusev" user-domain="BY-MINSK" culture="en-US" uiculture="en-US" os-architecture="x86" />
    <settings>
      <setting name="ProcessModel" value="Multiple" />
      <setting name="RunAsX86" value="True" />
      <setting name="DisposeRunners" value="True" />
      <setting name="WorkDirectory" value="C:\Users\GlebGusev\Desktop\AutomationTraining\TestProject\packages\NUnit.ConsoleRunner.3.9.0\tools" />
      <setting name="BasePath" value="C:\Users\GlebGusev\Desktop\AutomationTraining\TestProject" />
      <setting name="RuntimeFramework" value="net-4.0" />
      <setting name="DomainUsage" value="Default" />
      <setting name="ImageRuntimeVersion" value="4.0.30319" />
      <setting name="ImageTargetFrameworkName" value=".NETFramework,Version=v4.6.1" />
      <setting name="ImageRequiresX86" value="False" />
      <setting name="ImageRequiresDefaultAppDomainAssemblyResolver" value="False" />
      <setting name="NumberOfTestWorkers" value="8" />
    </settings>
    <properties>
      <property name="_PID" value="16020" />
      <property name="_APPDOMAIN" value="domain-ef2e2dfe-Task_50.dll" />
    </properties>
    <test-suite type="TestSuite" id="4-1011" name="Task_50" fullname="Task_50" runstate="Runnable" testcasecount="7" result="Passed" start-time="2019-02-12 23:34:46Z" end-time="2019-02-12 23:35:46Z" duration="59.254630" total="7" passed="7" failed="0" warnings="0" inconclusive="0" skipped="0" asserts="11">
      <test-suite type="TestSuite" id="4-1012" name="Tests" fullname="Task_50.Tests" runstate="Runnable" testcasecount="7" result="Passed" start-time="2019-02-12 23:34:46Z" end-time="2019-02-12 23:35:46Z" duration="59.254356" total="7" passed="7" failed="0" warnings="0" inconclusive="0" skipped="0" asserts="11">
        <test-suite type="TestFixture" id="4-1000" name="Task_50_herokuapp" fullname="Task_50.Tests.Task_50_herokuapp" classname="Task_50.Tests.Task_50_herokuapp" runstate="Runnable" testcasecount="4" result="Passed" start-time="2019-02-12 23:34:46Z" end-time="2019-02-12 23:35:15Z" duration="28.466981" total="4" passed="4" failed="0" warnings="0" inconclusive="0" skipped="0" asserts="8">
          <properties>
            <property name="FixtureUuidProp" value="Task_50.Tests.Task_50_herokuapp-fixture" />
            <property name="AllTestsInFixtureProp" value="System.Collections.Concurrent.ConcurrentBag`1[System.ValueTuple`3[System.String,System.String,System.String]]" />
            <property name="CompletedTestsInFixtureProp" value="System.Collections.Concurrent.ConcurrentBag`1[System.ValueTuple`4[NUnit.Framework.TestContext+ResultAdapter,System.String,System.String,System.String]]" />
            <property name="RunsCountTestsProp" value="System.Collections.Generic.List`1[System.ValueTuple`3[System.String,System.String,System.String]]" />
            <property name="IgnoredTestsProp" value="System.Collections.Generic.Dictionary`2[NUnit.Framework.Interfaces.ITest,System.String]" />
          </properties>
          <test-case id="4-1001" name="Herokuapp_AddTextToFrame_Added" fullname="Task_50.Tests.Task_50_herokuapp.Herokuapp_AddTextToFrame_Added" methodname="Herokuapp_AddTextToFrame_Added" classname="Task_50.Tests.Task_50_herokuapp" runstate="Runnable" seed="734979182" result="Passed" start-time="2019-02-12 23:34:47Z" end-time="2019-02-12 23:34:58Z" duration="11.159535" asserts="2">
            <properties>
              <property name="TestContainerUuidProp" value="4-1001_99cc54d562494b9d9b40f2f418e87c93-4-1000-run1-container" />
              <property name="TestUuidProp" value="4-1001_99cc54d562494b9d9b40f2f418e87c93-4-1000-test-run1" />
              <property name="FixtureUuidProp" value="Task_50.Tests.Task_50_herokuapp-fixture" />
              <property name="TestAssertsProp" value="System.Collections.Generic.List`1[System.Exception]" />
              <property name="CurrentTestSetupFixtureProp" value="" />
              <property name="CurrentTestTearDownFixtureProp" value="TestCleanup" />
              <property name="TestResultProp" value="NUnit.Framework.TestContext+ResultAdapter" />
            </properties>
            <attachments>
              <attachment>
                <filePath>C:\Users\GlebGusev\Desktop\AutomationTraining\TestProject\TestResults\Screenshots\Herokuapp_AddTextToFrame_Added_02132019_023452.png</filePath>
                <description><![CDATA[My Screenshot]]></description>
              </attachment>
            </attachments>
          </test-case>
          <test-case id="4-1002" name="Herokuapp_Alert_Added" fullname="Task_50.Tests.Task_50_herokuapp.Herokuapp_Alert_Added" methodname="Herokuapp_Alert_Added" classname="Task_50.Tests.Task_50_herokuapp" runstate="Runnable" seed="43965680" result="Passed" start-time="2019-02-12 23:34:58Z" end-time="2019-02-12 23:35:03Z" duration="5.531606" asserts="1">
            <properties>
              <property name="TestContainerUuidProp" value="4-1002_7edfcd63e7d145c280c81912a113b996-4-1000-run1-container" />
              <property name="TestUuidProp" value="4-1002_7edfcd63e7d145c280c81912a113b996-4-1000-test-run1" />
              <property name="FixtureUuidProp" value="Task_50.Tests.Task_50_herokuapp-fixture" />
              <property name="TestAssertsProp" value="System.Collections.Generic.List`1[System.Exception]" />
              <property name="CurrentTestSetupFixtureProp" value="" />
              <property name="CurrentTestTearDownFixtureProp" value="TestCleanup" />
              <property name="TestResultProp" value="NUnit.Framework.TestContext+ResultAdapter" />
            </properties>
            <attachments>
              <attachment>
                <filePath>C:\Users\GlebGusev\Desktop\AutomationTraining\TestProject\TestResults\Screenshots\Herokuapp_Alert_Added_02132019_023503.png</filePath>
                <description><![CDATA[My Screenshot]]></description>
              </attachment>
            </attachments>
          </test-case>
          <test-case id="4-1003" name="Herokuapp_Confirm_Added" fullname="Task_50.Tests.Task_50_herokuapp.Herokuapp_Confirm_Added" methodname="Herokuapp_Confirm_Added" classname="Task_50.Tests.Task_50_herokuapp" runstate="Runnable" seed="754472291" result="Passed" start-time="2019-02-12 23:35:03Z" end-time="2019-02-12 23:35:09Z" duration="5.728838" asserts="2">
            <properties>
              <property name="TestContainerUuidProp" value="4-1003_8aee5fdaf36343c6aa521cc797b13b1a-4-1000-run1-container" />
              <property name="TestUuidProp" value="4-1003_8aee5fdaf36343c6aa521cc797b13b1a-4-1000-test-run1" />
              <property name="FixtureUuidProp" value="Task_50.Tests.Task_50_herokuapp-fixture" />
              <property name="TestAssertsProp" value="System.Collections.Generic.List`1[System.Exception]" />
              <property name="CurrentTestSetupFixtureProp" value="" />
              <property name="CurrentTestTearDownFixtureProp" value="TestCleanup" />
              <property name="TestResultProp" value="NUnit.Framework.TestContext+ResultAdapter" />
            </properties>
            <attachments>
              <attachment>
                <filePath>C:\Users\GlebGusev\Desktop\AutomationTraining\TestProject\TestResults\Screenshots\Herokuapp_Confirm_Added_02132019_023509.png</filePath>
                <description><![CDATA[My Screenshot]]></description>
              </attachment>
            </attachments>
          </test-case>
          <test-case id="4-1004" name="Herokuapp_Prompt_Added" fullname="Task_50.Tests.Task_50_herokuapp.Herokuapp_Prompt_Added" methodname="Herokuapp_Prompt_Added" classname="Task_50.Tests.Task_50_herokuapp" runstate="Runnable" seed="204599922" result="Passed" start-time="2019-02-12 23:35:09Z" end-time="2019-02-12 23:35:15Z" duration="5.783205" asserts="3">
            <properties>
              <property name="TestContainerUuidProp" value="4-1004_a0bef2bec82449af8ea11ad7d5b6564c-4-1000-run1-container" />
              <property name="TestUuidProp" value="4-1004_a0bef2bec82449af8ea11ad7d5b6564c-4-1000-test-run1" />
              <property name="FixtureUuidProp" value="Task_50.Tests.Task_50_herokuapp-fixture" />
              <property name="TestAssertsProp" value="System.Collections.Generic.List`1[System.Exception]" />
              <property name="CurrentTestSetupFixtureProp" value="" />
              <property name="CurrentTestTearDownFixtureProp" value="TestCleanup" />
              <property name="TestResultProp" value="NUnit.Framework.TestContext+ResultAdapter" />
            </properties>
            <attachments>
              <attachment>
                <filePath>C:\Users\GlebGusev\Desktop\AutomationTraining\TestProject\TestResults\Screenshots\Herokuapp_Prompt_Added_02132019_023515.png</filePath>
                <description><![CDATA[My Screenshot]]></description>
              </attachment>
            </attachments>
          </test-case>
        </test-suite>
        <test-suite type="TestFixture" id="4-1005" name="Task_50_tutBy" fullname="Task_50.Tests.Task_50_tutBy" classname="Task_50.Tests.Task_50_tutBy" runstate="Runnable" testcasecount="3" result="Passed" start-time="2019-02-12 23:35:15Z" end-time="2019-02-12 23:35:46Z" duration="30.784213" total="3" passed="3" failed="0" warnings="0" inconclusive="0" skipped="0" asserts="3">
          <properties>
            <property name="FixtureUuidProp" value="Task_50.Tests.Task_50_tutBy-fixture" />
            <property name="AllTestsInFixtureProp" value="System.Collections.Concurrent.ConcurrentBag`1[System.ValueTuple`3[System.String,System.String,System.String]]" />
            <property name="CompletedTestsInFixtureProp" value="System.Collections.Concurrent.ConcurrentBag`1[System.ValueTuple`4[NUnit.Framework.TestContext+ResultAdapter,System.String,System.String,System.String]]" />
            <property name="RunsCountTestsProp" value="System.Collections.Generic.List`1[System.ValueTuple`3[System.String,System.String,System.String]]" />
            <property name="IgnoredTestsProp" value="System.Collections.Generic.Dictionary`2[NUnit.Framework.Interfaces.ITest,System.String]" />
          </properties>
          <test-case id="4-1006" name="LoginTutBy_CorrectCredentialsAndWait_Successfull" fullname="Task_50.Tests.Task_50_tutBy.LoginTutBy_CorrectCredentialsAndWait_Successfull" methodname="LoginTutBy_CorrectCredentialsAndWait_Successfull" classname="Task_50.Tests.Task_50_tutBy" runstate="Runnable" seed="1979206828" result="Passed" start-time="2019-02-12 23:35:15Z" end-time="2019-02-12 23:35:25Z" duration="10.484988" asserts="1">
            <properties>
              <property name="TestContainerUuidProp" value="4-1006_35e544ab6be1407e8acfb1d14b42df72-4-1005-run1-container" />
              <property name="TestUuidProp" value="4-1006_35e544ab6be1407e8acfb1d14b42df72-4-1005-test-run1" />
              <property name="FixtureUuidProp" value="Task_50.Tests.Task_50_tutBy-fixture" />
              <property name="TestAssertsProp" value="System.Collections.Generic.List`1[System.Exception]" />
              <property name="CurrentTestSetupFixtureProp" value="" />
              <property name="CurrentTestTearDownFixtureProp" value="TestCleanup" />
              <property name="TestResultProp" value="NUnit.Framework.TestContext+ResultAdapter" />
            </properties>
            <attachments>
              <attachment>
                <filePath>C:\Users\GlebGusev\Desktop\AutomationTraining\TestProject\TestResults\Screenshots\LoginTutBy_CorrectCredentialsAndWait_Successfull_02132019_023521.png</filePath>
                <description><![CDATA[My Screenshot]]></description>
              </attachment>
            </attachments>
          </test-case>
          <test-suite type="ParameterizedMethod" id="4-1009" name="LoginTutBy_DDT_Successfull" fullname="Task_50.Tests.Task_50_tutBy.LoginTutBy_DDT_Successfull" classname="Task_50.Tests.Task_50_tutBy" runstate="Runnable" testcasecount="2" result="Passed" start-time="2019-02-12 23:35:25Z" end-time="2019-02-12 23:35:46Z" duration="20.292220" total="2" passed="2" failed="0" warnings="0" inconclusive="0" skipped="0" asserts="2">
            <test-case id="4-1007" name="LoginTutBy_DDT_Successfull(&quot;seleniumtests@tut.by&quot;,&quot;123456789zxcvbn&quot;)" fullname="Task_50.Tests.Task_50_tutBy.LoginTutBy_DDT_Successfull(&quot;seleniumtests@tut.by&quot;,&quot;123456789zxcvbn&quot;)" methodname="LoginTutBy_DDT_Successfull" classname="Task_50.Tests.Task_50_tutBy" runstate="Runnable" seed="1832020143" result="Passed" start-time="2019-02-12 23:35:25Z" end-time="2019-02-12 23:35:35Z" duration="9.922908" asserts="1">
              <properties>
                <property name="TestContainerUuidProp" value="4-1007_6b5e9491b5b54deb83b4f16fc5af8544-4-1005-run1-container" />
                <property name="TestUuidProp" value="4-1007_6b5e9491b5b54deb83b4f16fc5af8544-4-1005-test-run1" />
                <property name="FixtureUuidProp" value="Task_50.Tests.Task_50_tutBy-fixture" />
                <property name="TestAssertsProp" value="System.Collections.Generic.List`1[System.Exception]" />
                <property name="CurrentTestSetupFixtureProp" value="" />
                <property name="CurrentTestTearDownFixtureProp" value="TestCleanup" />
                <property name="TestResultProp" value="NUnit.Framework.TestContext+ResultAdapter" />
              </properties>
              <attachments>
                <attachment>
                  <filePath>C:\Users\GlebGusev\Desktop\AutomationTraining\TestProject\TestResults\Screenshots\LoginTutBy_DDT_Successfull___seleniumtests@tut.by___seleniumtests@tut.by_123456789zxcvbn_02132019_023531.png</filePath>
                  <description><![CDATA[My Screenshot]]></description>
                </attachment>
              </attachments>
            </test-case>
            <test-case id="4-1008" name="LoginTutBy_DDT_Successfull(&quot;seleniumtests2@tut.by&quot;,&quot;123456789zxcvbn&quot;)" fullname="Task_50.Tests.Task_50_tutBy.LoginTutBy_DDT_Successfull(&quot;seleniumtests2@tut.by&quot;,&quot;123456789zxcvbn&quot;)" methodname="LoginTutBy_DDT_Successfull" classname="Task_50.Tests.Task_50_tutBy" runstate="Runnable" seed="1426830381" result="Passed" start-time="2019-02-12 23:35:35Z" end-time="2019-02-12 23:35:46Z" duration="10.369005" asserts="1">
              <properties>
                <property name="TestContainerUuidProp" value="4-1008_15ebf34cc05745fe91f4a90efc8474a2-4-1005-run1-container" />
                <property name="TestUuidProp" value="4-1008_15ebf34cc05745fe91f4a90efc8474a2-4-1005-test-run1" />
                <property name="FixtureUuidProp" value="Task_50.Tests.Task_50_tutBy-fixture" />
                <property name="TestAssertsProp" value="System.Collections.Generic.List`1[System.Exception]" />
                <property name="CurrentTestSetupFixtureProp" value="" />
                <property name="CurrentTestTearDownFixtureProp" value="TestCleanup" />
                <property name="TestResultProp" value="NUnit.Framework.TestContext+ResultAdapter" />
              </properties>
              <attachments>
                <attachment>
                  <filePath>C:\Users\GlebGusev\Desktop\AutomationTraining\TestProject\TestResults\Screenshots\LoginTutBy_DDT_Successfull___seleniumtests2@tut.by___seleniumtests2@tut.by_123456789zxcvbn_02132019_023541.png</filePath>
                  <description><![CDATA[My Screenshot]]></description>
                </attachment>
              </attachments>
            </test-case>
          </test-suite>
        </test-suite>
      </test-suite>
    </test-suite>
  </test-suite>
  <test-suite type="Assembly" id="5-1004" name="Task_70.dll" fullname="Task_70.dll" runstate="Runnable" testcasecount="3" result="Failed" site="Child" start-time="2019-02-12 23:35:46Z" end-time="2019-02-12 23:36:09Z" duration="22.990122" total="3" passed="2" failed="1" warnings="0" inconclusive="0" skipped="0" asserts="0">
    <environment framework-version="3.11.0.0" clr-version="4.0.30319.42000" os-version="Microsoft Windows NT 10.0.17134.0" platform="Win32NT" cwd="C:\Users\GlebGusev\Desktop\AutomationTraining\TestProject\packages\NUnit.ConsoleRunner.3.9.0\tools" machine-name="GUSEVG10" user="GlebGusev" user-domain="BY-MINSK" culture="en-US" uiculture="en-US" os-architecture="x86" />
    <settings>
      <setting name="ProcessModel" value="Multiple" />
      <setting name="RunAsX86" value="True" />
      <setting name="DisposeRunners" value="True" />
      <setting name="WorkDirectory" value="C:\Users\GlebGusev\Desktop\AutomationTraining\TestProject\packages\NUnit.ConsoleRunner.3.9.0\tools" />
      <setting name="BasePath" value="C:\Users\GlebGusev\Desktop\AutomationTraining\TestProject" />
      <setting name="RuntimeFramework" value="net-4.0" />
      <setting name="DomainUsage" value="Default" />
      <setting name="ImageRuntimeVersion" value="4.0.30319" />
      <setting name="ImageTargetFrameworkName" value=".NETFramework,Version=v4.6.1" />
      <setting name="ImageRequiresX86" value="False" />
      <setting name="ImageRequiresDefaultAppDomainAssemblyResolver" value="False" />
      <setting name="NumberOfTestWorkers" value="8" />
    </settings>
    <properties>
      <property name="_PID" value="16020" />
      <property name="_APPDOMAIN" value="domain-eee82dfe-Task_70.dll" />
    </properties>
    <failure>
      <message><![CDATA[One or more child tests had errors]]></message>
    </failure>
    <test-suite type="TestSuite" id="5-1005" name="Task_70" fullname="Task_70" runstate="Runnable" testcasecount="3" result="Failed" site="Child" start-time="2019-02-12 23:35:46Z" end-time="2019-02-12 23:36:09Z" duration="22.979257" total="3" passed="2" failed="1" warnings="0" inconclusive="0" skipped="0" asserts="0">
      <failure>
        <message><![CDATA[One or more child tests had errors]]></message>
      </failure>
      <test-suite type="TestSuite" id="5-1006" name="Tests" fullname="Task_70.Tests" runstate="Runnable" testcasecount="3" result="Failed" site="Child" start-time="2019-02-12 23:35:46Z" end-time="2019-02-12 23:36:09Z" duration="22.978980" total="3" passed="2" failed="1" warnings="0" inconclusive="0" skipped="0" asserts="0">
        <failure>
          <message><![CDATA[One or more child tests had errors]]></message>
        </failure>
        <test-suite type="TestFixture" id="5-1000" name="Task_70" fullname="Task_70.Tests.Task_70" classname="Task_70.Tests.Task_70" runstate="Runnable" testcasecount="3" result="Failed" site="Child" start-time="2019-02-12 23:35:46Z" end-time="2019-02-12 23:36:09Z" duration="22.976936" total="3" passed="2" failed="1" warnings="0" inconclusive="0" skipped="0" asserts="0">
          <properties>
            <property name="FixtureUuidProp" value="Task_70.Tests.Task_70-fixture" />
            <property name="AllTestsInFixtureProp" value="System.Collections.Concurrent.ConcurrentBag`1[System.ValueTuple`3[System.String,System.String,System.String]]" />
            <property name="CompletedTestsInFixtureProp" value="System.Collections.Concurrent.ConcurrentBag`1[System.ValueTuple`4[NUnit.Framework.TestContext+ResultAdapter,System.String,System.String,System.String]]" />
            <property name="RunsCountTestsProp" value="System.Collections.Generic.List`1[System.ValueTuple`3[System.String,System.String,System.String]]" />
            <property name="IgnoredTestsProp" value="System.Collections.Generic.Dictionary`2[NUnit.Framework.Interfaces.ITest,System.String]" />
          </properties>
          <failure>
            <message><![CDATA[One or more child tests had errors]]></message>
          </failure>
          <test-case id="5-1002" name="LoginTutBy_CorrectCredentials_Successfull" fullname="Task_70.Tests.Task_70.LoginTutBy_CorrectCredentials_Successfull" methodname="LoginTutBy_CorrectCredentials_Successfull" classname="Task_70.Tests.Task_70" runstate="Runnable" seed="1403073913" result="Passed" start-time="2019-02-12 23:35:46Z" end-time="2019-02-12 23:35:53Z" duration="6.828369" asserts="0">
            <properties>
              <property name="TestContainerUuidProp" value="5-1002_a82c250933544a88895083851ea62a05-5-1000-run1-container" />
              <property name="TestUuidProp" value="5-1002_a82c250933544a88895083851ea62a05-5-1000-test-run1" />
              <property name="FixtureUuidProp" value="Task_70.Tests.Task_70-fixture" />
              <property name="TestAssertsProp" value="System.Collections.Generic.List`1[System.Exception]" />
              <property name="CurrentTestSetupFixtureProp" value="" />
              <property name="CurrentTestTearDownFixtureProp" value="TestCleanup" />
              <property name="TestResultProp" value="NUnit.Framework.TestContext+ResultAdapter" />
            </properties>
            <attachments>
              <attachment>
                <filePath>C:\Users\GlebGusev\Desktop\AutomationTraining\TestProject\TestResults\Screenshots\LoginTutBy_CorrectCredentials_Successfull_02132019_023551.png</filePath>
                <description><![CDATA[My Screenshot]]></description>
              </attachment>
            </attachments>
          </test-case>
          <test-case id="5-1003" name="LogoutTutBy_ClickLogoutLink_Successfull" fullname="Task_70.Tests.Task_70.LogoutTutBy_ClickLogoutLink_Successfull" methodname="LogoutTutBy_ClickLogoutLink_Successfull" classname="Task_70.Tests.Task_70" runstate="Runnable" seed="1597062940" result="Passed" start-time="2019-02-12 23:35:53Z" end-time="2019-02-12 23:36:01Z" duration="7.786547" asserts="0">
            <properties>
              <property name="TestContainerUuidProp" value="5-1003_93feae8807514d90965f8c818857a20f-5-1000-run1-container" />
              <property name="TestUuidProp" value="5-1003_93feae8807514d90965f8c818857a20f-5-1000-test-run1" />
              <property name="FixtureUuidProp" value="Task_70.Tests.Task_70-fixture" />
              <property name="TestAssertsProp" value="System.Collections.Generic.List`1[System.Exception]" />
              <property name="CurrentTestSetupFixtureProp" value="" />
              <property name="CurrentTestTearDownFixtureProp" value="TestCleanup" />
              <property name="TestResultProp" value="NUnit.Framework.TestContext+ResultAdapter" />
            </properties>
            <attachments>
              <attachment>
                <filePath>C:\Users\GlebGusev\Desktop\AutomationTraining\TestProject\TestResults\Screenshots\LogoutTutBy_ClickLogoutLink_Successfull_02132019_023558.png</filePath>
                <description><![CDATA[My Screenshot]]></description>
              </attachment>
            </attachments>
          </test-case>
          <test-case id="5-1001" name="Task90_LoginTutByWrongCredentials_Failed" fullname="Task_70.Tests.Task_70.Task90_LoginTutByWrongCredentials_Failed" methodname="Task90_LoginTutByWrongCredentials_Failed" classname="Task_70.Tests.Task_70" runstate="Runnable" seed="1356076328" result="Failed" start-time="2019-02-12 23:36:01Z" end-time="2019-02-12 23:36:09Z" duration="8.070775" asserts="0">
            <properties>
              <property name="TestContainerUuidProp" value="5-1001_7bbbeb357cd24293b32a543862f7ec26-5-1000-run1-container" />
              <property name="TestUuidProp" value="5-1001_7bbbeb357cd24293b32a543862f7ec26-5-1000-test-run1" />
              <property name="FixtureUuidProp" value="Task_70.Tests.Task_70-fixture" />
              <property name="TestAssertsProp" value="System.Collections.Generic.List`1[System.Exception]" />
              <property name="CurrentTestSetupFixtureProp" value="" />
              <property name="CurrentTestTearDownFixtureProp" value="TestCleanup" />
              <property name="TestResultProp" value="NUnit.Framework.TestContext+ResultAdapter" />
            </properties>
            <failure>
              <message><![CDATA[User not logged in. See screenshot]]></message>
              <stack-trace><![CDATA[   at Task_70.Locators.PageFactory.AssertLoggedIn() in C:\Users\GlebGusev\Desktop\AutomationTraining\TestProject\Task_70\Locators\PageFactory .cs:line 93
   at Task_70.Tests.Task_70.Task90_LoginTutByWrongCredentials_Failed() in C:\Users\GlebGusev\Desktop\AutomationTraining\TestProject\Task_70\Tests\Task_70.cs:line 42
]]></stack-trace>
            </failure>
            <assertions>
              <assertion result="Failed">
                <message><![CDATA[User not logged in. See screenshot]]></message>
                <stack-trace><![CDATA[   at Task_70.Locators.PageFactory.AssertLoggedIn() in C:\Users\GlebGusev\Desktop\AutomationTraining\TestProject\Task_70\Locators\PageFactory .cs:line 93
   at Task_70.Tests.Task_70.Task90_LoginTutByWrongCredentials_Failed() in C:\Users\GlebGusev\Desktop\AutomationTraining\TestProject\Task_70\Tests\Task_70.cs:line 42
]]></stack-trace>
              </assertion>
            </assertions>
            <attachments>
              <attachment>
                <filePath>C:\Users\GlebGusev\Desktop\AutomationTraining\TestProject\TestResults\Screenshots\Task90_LoginTutByWrongCredentials_Failed_02132019_023606.png</filePath>
                <description><![CDATA[My Screenshot]]></description>
              </attachment>
              <attachment>
                <filePath>C:\Users\GlebGusev\Desktop\AutomationTraining\TestProject\TestResults\Screenshots\Failed\Task90_LoginTutByWrongCredentials_Failed_02132019_023608.png</filePath>
                <description><![CDATA[My Screenshot]]></description>
              </attachment>
            </attachments>
          </test-case>
        </test-suite>
      </test-suite>
    </test-suite>
  </test-suite>
</test-run>