<?xml version="1.0" encoding="utf-8" standalone="no"?>
<test-run id="2" testcasecount="7" result="Passed" total="7" passed="7" failed="0" inconclusive="0" skipped="0" asserts="14" engine-version="3.9.0.0" clr-version="4.0.30319.42000" start-time="2019-02-05 05:55:54Z" end-time="2019-02-05 05:56:52Z" duration="57.808240">
  <command-line><![CDATA[nunit3-console  C:\Users\GlebGusev\Desktop\AutomationTraining\TestProject\Task_50\bin\Debug\Task_50.dll]]></command-line>
  <test-suite type="Assembly" id="0-1010" name="Task_50.dll" fullname="Task_50.dll" runstate="Runnable" testcasecount="7" result="Passed" start-time="2019-02-05 05:55:54Z" end-time="2019-02-05 05:56:52Z" duration="57.237280" total="7" passed="7" failed="0" warnings="0" inconclusive="0" skipped="0" asserts="14">
    <environment framework-version="3.11.0.0" clr-version="4.0.30319.42000" os-version="Microsoft Windows NT 10.0.17134.0" platform="Win32NT" cwd="C:\Users\GlebGusev\Desktop\AutomationTraining\TestProject\packages\NUnit.ConsoleRunner.3.9.0\tools" machine-name="GUSEVG10" user="GlebGusev" user-domain="BY-MINSK" culture="en-US" uiculture="en-US" os-architecture="x64" />
    <settings>
      <setting name="DisposeRunners" value="True" />
      <setting name="WorkDirectory" value="C:\Users\GlebGusev\Desktop\AutomationTraining\TestProject\packages\NUnit.ConsoleRunner.3.9.0\tools" />
      <setting name="ImageRuntimeVersion" value="4.0.30319" />
      <setting name="ImageTargetFrameworkName" value=".NETFramework,Version=v4.6.1" />
      <setting name="ImageRequiresX86" value="False" />
      <setting name="ImageRequiresDefaultAppDomainAssemblyResolver" value="False" />
      <setting name="NumberOfTestWorkers" value="8" />
    </settings>
    <properties>
      <property name="_PID" value="26896" />
      <property name="_APPDOMAIN" value="domain-" />
    </properties>
    <test-suite type="TestSuite" id="0-1011" name="Task_50" fullname="Task_50" runstate="Runnable" testcasecount="7" result="Passed" start-time="2019-02-05 05:55:54Z" end-time="2019-02-05 05:56:52Z" duration="57.221440" total="7" passed="7" failed="0" warnings="0" inconclusive="0" skipped="0" asserts="14">
      <test-suite type="TestSuite" id="0-1012" name="Tests" fullname="Task_50.Tests" runstate="Runnable" testcasecount="7" result="Passed" start-time="2019-02-05 05:55:54Z" end-time="2019-02-05 05:56:52Z" duration="57.221056" total="7" passed="7" failed="0" warnings="0" inconclusive="0" skipped="0" asserts="14">
        <test-suite type="TestFixture" id="0-1000" name="Task_50_herokuapp" fullname="Task_50.Tests.Task_50_herokuapp" classname="Task_50.Tests.Task_50_herokuapp" runstate="Runnable" testcasecount="4" result="Passed" start-time="2019-02-05 05:55:54Z" end-time="2019-02-05 05:56:17Z" duration="22.880762" total="4" passed="4" failed="0" warnings="0" inconclusive="0" skipped="0" asserts="8">
          <test-case id="0-1001" name="Herokuapp_AddTextToFrame_Added" fullname="Task_50.Tests.Task_50_herokuapp.Herokuapp_AddTextToFrame_Added" methodname="Herokuapp_AddTextToFrame_Added" classname="Task_50.Tests.Task_50_herokuapp" runstate="Runnable" seed="156751914" result="Passed" start-time="2019-02-05 05:55:54Z" end-time="2019-02-05 05:56:01Z" duration="6.475255" asserts="2" />
          <test-case id="0-1002" name="Herokuapp_Alert_Added" fullname="Task_50.Tests.Task_50_herokuapp.Herokuapp_Alert_Added" methodname="Herokuapp_Alert_Added" classname="Task_50.Tests.Task_50_herokuapp" runstate="Runnable" seed="2078665180" result="Passed" start-time="2019-02-05 05:56:01Z" end-time="2019-02-05 05:56:06Z" duration="5.218829" asserts="1" />
          <test-case id="0-1003" name="Herokuapp_Confirm_Added" fullname="Task_50.Tests.Task_50_herokuapp.Herokuapp_Confirm_Added" methodname="Herokuapp_Confirm_Added" classname="Task_50.Tests.Task_50_herokuapp" runstate="Runnable" seed="38346012" result="Passed" start-time="2019-02-05 05:56:06Z" end-time="2019-02-05 05:56:11Z" duration="5.296976" asserts="2" />
          <test-case id="0-1004" name="Herokuapp_Prompt_Added" fullname="Task_50.Tests.Task_50_herokuapp.Herokuapp_Prompt_Added" methodname="Herokuapp_Prompt_Added" classname="Task_50.Tests.Task_50_herokuapp" runstate="Runnable" seed="834760815" result="Passed" start-time="2019-02-05 05:56:11Z" end-time="2019-02-05 05:56:17Z" duration="5.863676" asserts="3" />
        </test-suite>
        <test-suite type="TestFixture" id="0-1005" name="Task_50_tutBy" fullname="Task_50.Tests.Task_50_tutBy" classname="Task_50.Tests.Task_50_tutBy" runstate="Runnable" testcasecount="3" result="Passed" start-time="2019-02-05 05:56:17Z" end-time="2019-02-05 05:56:52Z" duration="34.334244" total="3" passed="3" failed="0" warnings="0" inconclusive="0" skipped="0" asserts="6">
          <test-case id="0-1006" name="LoginTutBy_CorrectCredentialsAndWait_Successfull" fullname="Task_50.Tests.Task_50_tutBy.LoginTutBy_CorrectCredentialsAndWait_Successfull" methodname="LoginTutBy_CorrectCredentialsAndWait_Successfull" classname="Task_50.Tests.Task_50_tutBy" runstate="Runnable" seed="440850624" result="Passed" start-time="2019-02-05 05:56:17Z" end-time="2019-02-05 05:56:30Z" duration="12.617816" asserts="2" />
          <test-suite type="ParameterizedMethod" id="0-1009" name="LoginTutBy_DDT_Successfull" fullname="Task_50.Tests.Task_50_tutBy.LoginTutBy_DDT_Successfull" classname="Task_50.Tests.Task_50_tutBy" runstate="Runnable" testcasecount="2" result="Passed" start-time="2019-02-05 05:56:30Z" end-time="2019-02-05 05:56:52Z" duration="21.716206" total="2" passed="2" failed="0" warnings="0" inconclusive="0" skipped="0" asserts="4">
            <test-case id="0-1007" name="LoginTutBy_DDT_Successfull(&quot;seleniumtests@tut.by&quot;,&quot;123456789zxcvbn&quot;)" fullname="Task_50.Tests.Task_50_tutBy.LoginTutBy_DDT_Successfull(&quot;seleniumtests@tut.by&quot;,&quot;123456789zxcvbn&quot;)" methodname="LoginTutBy_DDT_Successfull" classname="Task_50.Tests.Task_50_tutBy" runstate="Runnable" seed="2022400705" result="Passed" start-time="2019-02-05 05:56:30Z" end-time="2019-02-05 05:56:40Z" duration="10.492005" asserts="2" />
            <test-case id="0-1008" name="LoginTutBy_DDT_Successfull(&quot;seleniumtests2@tut.by&quot;,&quot;123456789zxcvbn&quot;)" fullname="Task_50.Tests.Task_50_tutBy.LoginTutBy_DDT_Successfull(&quot;seleniumtests2@tut.by&quot;,&quot;123456789zxcvbn&quot;)" methodname="LoginTutBy_DDT_Successfull" classname="Task_50.Tests.Task_50_tutBy" runstate="Runnable" seed="297257723" result="Passed" start-time="2019-02-05 05:56:40Z" end-time="2019-02-05 05:56:52Z" duration="11.223667" asserts="2" />
          </test-suite>
        </test-suite>
      </test-suite>
    </test-suite>
  </test-suite>
</test-run>